I 2018-04-04 16:34:25:779 server.cc(86) Starting WebDriver server on port: '28034' on host: ''
T 2018-04-04 16:34:25:779 server.cc(634) Entering Server::PopulateCommandRepository
T 2018-04-04 16:34:25:779 IEServer.cpp(32) Entering IEServer::IEServer
I 2018-04-04 16:34:25:779 IEServer.cpp(33) Driver version: 3.6.0.0 (32-bit)
T 2018-04-04 16:34:25:779 server.cc(121) Entering Server::Start
D 2018-04-04 16:34:25:779 server.cc(148) Civetweb ACL is -0.0.0.0/0,+127.0.0.1
T 2018-04-04 16:34:26:285 server.cc(174) Entering Server::ProcessRequest
T 2018-04-04 16:34:26:285 server.cc(183) Process request with: URI: /status HTTP verb: GET
body: {}
T 2018-04-04 16:34:26:285 server.cc(272) Entering Server::DispatchCommand
T 2018-04-04 16:34:26:327 server.cc(583) Entering Server::LookupCommand
D 2018-04-04 16:34:26:383 server.cc(281) Command: GET /status {}
T 2018-04-04 16:34:26:383 IEServer.cpp(51) Entering IEServer::GetStatus
T 2018-04-04 16:34:26:548 response.cc(72) Entering Response::SetSuccessResponse
T 2018-04-04 16:34:26:548 response.cc(78) Entering Response::SetResponse
T 2018-04-04 16:34:26:548 response.cc(51) Entering Response::Serialize
D 2018-04-04 16:34:26:699 server.cc(338) Response: {"value":{"build":{"version":"3.6.0.0 (32-bit)"},"message":"Ready to create session","os":{"arch":"x64","name":"windows","version":"6.1.7601.18015 (win7sp1_gdr.121129-1432)"},"ready":true}}

T 2018-04-04 16:34:26:699 server.cc(391) Entering Server::SendResponseToClient
T 2018-04-04 16:34:26:699 response.cc(30) Entering Response::Deserialize
T 2018-04-04 16:34:26:766 server.cc(445) Entering Server::SendHttpOk
